<?xml version="1.0" encoding="utf-8"?><testsuites name="pytest tests"><testsuite name="pytest" errors="0" failures="0" skipped="0" tests="40" time="14.741" timestamp="2026-06-24T08:29:19.463108+00:00" hostname="agent-env-f327b779-0c81-41d5-9e11-757b44db5c0f"><testcase classname="backend.tests.test_hospital_api.TestAuth" name="test_login_success" time="0.350" /><testcase classname="backend.tests.test_hospital_api.TestAuth" name="test_login_invalid_password" time="0.329" /><testcase classname="backend.tests.test_hospital_api.TestAuth" name="test_me_without_auth" time="0.101" /><testcase classname="backend.tests.test_hospital_api.TestAuth" name="test_me_with_auth" time="0.367" /><testcase classname="backend.tests.test_hospital_api.TestPublicEndpoints" name="test_get_doctors" time="0.102" /><testcase classname="backend.tests.test_hospital_api.TestPublicEndpoints" name="test_get_blogs" time="0.051" /><testcase classname="backend.tests.test_hospital_api.TestPublicEndpoints" name="test_get_blog_by_slug" time="0.049" /><testcase classname="backend.tests.test_hospital_api.TestAppointments" name="test_create_appointment_public" time="4.009" /><testcase classname="backend.tests.test_hospital_api.TestAppointments" name="test_list_appointments_requires_auth" time="0.158" /><testcase classname="backend.tests.test_hospital_api.TestAppointments" name="test_list_appointments_admin" time="0.043" /><testcase classname="backend.tests.test_hospital_api.TestAppointments" name="test_confirm_appointment" time="3.217" /><testcase classname="backend.tests.test_hospital_api.TestAppointments" name="test_delete_appointment" time="0.043" /><testcase classname="backend.tests.test_hospital_api.TestEnquiries" name="test_create_enquiry_public" time="2.904" /><testcase classname="backend.tests.test_hospital_api.TestEnquiries" name="test_list_enquiries_requires_auth" time="0.118" /><testcase classname="backend.tests.test_hospital_api.TestEnquiries" name="test_list_enquiries_admin" time="0.043" /><testcase classname="backend.tests.test_hospital_api.TestEnquiries" name="test_resolve_enquiry" time="0.044" /><testcase classname="backend.tests.test_hospital_api.TestEnquiries" name="test_delete_enquiry" time="0.042" /><testcase classname="backend.tests.test_hospital_api.TestDoctorsAdmin" name="test_create_doctor_requires_auth" time="0.120" /><testcase classname="backend.tests.test_hospital_api.TestDoctorsAdmin" name="test_create_doctor_admin" time="0.042" /><testcase classname="backend.tests.test_hospital_api.TestDoctorsAdmin" name="test_update_doctor" time="0.043" /><testcase classname="backend.tests.test_hospital_api.TestDoctorsAdmin" name="test_delete_doctor" time="0.042" /><testcase classname="backend.tests.test_hospital_api.TestBlogsAdmin" name="test_create_blog_requires_auth" time="0.092" /><testcase classname="backend.tests.test_hospital_api.TestBlogsAdmin" name="test_create_blog_admin" time="0.042" /><testcase classname="backend.tests.test_hospital_api.TestBlogsAdmin" name="test_delete_blog" time="0.043" /><testcase classname="backend.tests.test_media_team_upload.TestUpload" name="test_upload_requires_auth" time="0.089" /><testcase classname="backend.tests.test_media_team_upload.TestUpload" name="test_upload_admin_success" time="0.545" /><testcase classname="backend.tests.test_media_team_upload.TestUpload" name="test_serve_file_public" time="0.221" /><testcase classname="backend.tests.test_media_team_upload.TestUpload" name="test_serve_file_not_found" time="0.450" /><testcase classname="backend.tests.test_media_team_upload.TestMedia" name="test_get_media_public" time="0.093" /><testcase classname="backend.tests.test_media_team_upload.TestMedia" name="test_create_media_requires_auth" time="0.089" /><testcase classname="backend.tests.test_media_team_upload.TestMedia" name="test_create_media_admin" time="0.041" /><testcase classname="backend.tests.test_media_team_upload.TestMedia" name="test_media_visible_in_list" time="0.092" /><testcase classname="backend.tests.test_media_team_upload.TestMedia" name="test_delete_media_requires_auth" time="0.093" /><testcase classname="backend.tests.test_media_team_upload.TestMedia" name="test_delete_media_admin" time="0.132" /><testcase classname="backend.tests.test_media_team_upload.TestTeam" name="test_get_team_public_has_seeded_founder" time="0.097" /><testcase classname="backend.tests.test_media_team_upload.TestTeam" name="test_create_team_requires_auth" time="0.100" /><testcase classname="backend.tests.test_media_team_upload.TestTeam" name="test_create_team_admin" time="0.043" /><testcase classname="backend.tests.test_media_team_upload.TestTeam" name="test_update_team_admin" time="0.040" /><testcase classname="backend.tests.test_media_team_upload.TestTeam" name="test_delete_team_requires_auth" time="0.095" /><testcase classname="backend.tests.test_media_team_upload.TestTeam" name="test_delete_team_admin" time="0.047" /></testsuite></testsuites>