<?xml version="1.0" encoding="utf-8"?><testsuites name="pytest tests"><testsuite name="pytest" errors="0" failures="0" skipped="0" tests="16" time="2.559" timestamp="2026-06-24T08:26:13.917443+00:00" hostname="agent-env-f327b779-0c81-41d5-9e11-757b44db5c0f"><testcase classname="backend.tests.test_media_team_upload.TestUpload" name="test_upload_requires_auth" time="0.234" /><testcase classname="backend.tests.test_media_team_upload.TestUpload" name="test_upload_admin_success" time="0.495" /><testcase classname="backend.tests.test_media_team_upload.TestUpload" name="test_serve_file_public" time="0.239" /><testcase classname="backend.tests.test_media_team_upload.TestUpload" name="test_serve_file_not_found" time="0.465" /><testcase classname="backend.tests.test_media_team_upload.TestMedia" name="test_get_media_public" time="0.100" /><testcase classname="backend.tests.test_media_team_upload.TestMedia" name="test_create_media_requires_auth" time="0.091" /><testcase classname="backend.tests.test_media_team_upload.TestMedia" name="test_create_media_admin" time="0.045" /><testcase classname="backend.tests.test_media_team_upload.TestMedia" name="test_media_visible_in_list" time="0.096" /><testcase classname="backend.tests.test_media_team_upload.TestMedia" name="test_delete_media_requires_auth" time="0.094" /><testcase classname="backend.tests.test_media_team_upload.TestMedia" name="test_delete_media_admin" time="0.129" /><testcase classname="backend.tests.test_media_team_upload.TestTeam" name="test_get_team_public_has_seeded_founder" time="0.127" /><testcase classname="backend.tests.test_media_team_upload.TestTeam" name="test_create_team_requires_auth" time="0.124" /><testcase classname="backend.tests.test_media_team_upload.TestTeam" name="test_create_team_admin" time="0.046" /><testcase classname="backend.tests.test_media_team_upload.TestTeam" name="test_update_team_admin" time="0.051" /><testcase classname="backend.tests.test_media_team_upload.TestTeam" name="test_delete_team_requires_auth" time="0.113" /><testcase classname="backend.tests.test_media_team_upload.TestTeam" name="test_delete_team_admin" time="0.046" /></testsuite></testsuites>