<?xml version="1.0" encoding="utf-8"?><testsuites name="pytest tests"><testsuite name="pytest" errors="0" failures="0" skipped="0" tests="24" time="2.457" timestamp="2026-06-24T07:22:50.664351+00:00" hostname="agent-env-f327b779-0c81-41d5-9e11-757b44db5c0f"><testcase classname="backend.tests.test_hospital_api.TestAuth" name="test_login_success" time="0.447" /><testcase classname="backend.tests.test_hospital_api.TestAuth" name="test_login_invalid_password" time="0.310" /><testcase classname="backend.tests.test_hospital_api.TestAuth" name="test_me_without_auth" time="0.084" /><testcase classname="backend.tests.test_hospital_api.TestAuth" name="test_me_with_auth" time="0.354" /><testcase classname="backend.tests.test_hospital_api.TestPublicEndpoints" name="test_get_doctors" time="0.088" /><testcase classname="backend.tests.test_hospital_api.TestPublicEndpoints" name="test_get_blogs" time="0.040" /><testcase classname="backend.tests.test_hospital_api.TestPublicEndpoints" name="test_get_blog_by_slug" time="0.047" /><testcase classname="backend.tests.test_hospital_api.TestAppointments" name="test_create_appointment_public" time="0.042" /><testcase classname="backend.tests.test_hospital_api.TestAppointments" name="test_list_appointments_requires_auth" time="0.096" /><testcase classname="backend.tests.test_hospital_api.TestAppointments" name="test_list_appointments_admin" time="0.042" /><testcase classname="backend.tests.test_hospital_api.TestAppointments" name="test_confirm_appointment" time="0.042" /><testcase classname="backend.tests.test_hospital_api.TestAppointments" name="test_delete_appointment" time="0.041" /><testcase classname="backend.tests.test_hospital_api.TestEnquiries" name="test_create_enquiry_public" time="0.050" /><testcase classname="backend.tests.test_hospital_api.TestEnquiries" name="test_list_enquiries_requires_auth" time="0.094" /><testcase classname="backend.tests.test_hospital_api.TestEnquiries" name="test_list_enquiries_admin" time="0.041" /><testcase classname="backend.tests.test_hospital_api.TestEnquiries" name="test_resolve_enquiry" time="0.041" /><testcase classname="backend.tests.test_hospital_api.TestEnquiries" name="test_delete_enquiry" time="0.045" /><testcase classname="backend.tests.test_hospital_api.TestDoctorsAdmin" name="test_create_doctor_requires_auth" time="0.105" /><testcase classname="backend.tests.test_hospital_api.TestDoctorsAdmin" name="test_create_doctor_admin" time="0.043" /><testcase classname="backend.tests.test_hospital_api.TestDoctorsAdmin" name="test_update_doctor" time="0.042" /><testcase classname="backend.tests.test_hospital_api.TestDoctorsAdmin" name="test_delete_doctor" time="0.042" /><testcase classname="backend.tests.test_hospital_api.TestBlogsAdmin" name="test_create_blog_requires_auth" time="0.118" /><testcase classname="backend.tests.test_hospital_api.TestBlogsAdmin" name="test_create_blog_admin" time="0.073" /><testcase classname="backend.tests.test_hospital_api.TestBlogsAdmin" name="test_delete_blog" time="0.042" /></testsuite></testsuites>